<?xml version="1.0" encoding="UTF-8"?>
<!-- Generated by org.testng.reporters.JUnitReportReporter -->
<testsuite hostname="DESKTOP-MIBOA5U" failures="0" tests="3" name="testlayer.YourAccount" time="54.226" errors="0" timestamp="2022-06-21T01:12:00 EDT" skipped="0">
  <testcase classname="testlayer.YourAccount" name="Yaccountlogin" time="16.601"/>
  <system-out/>
  <testcase classname="testlayer.YourAccount" name="Youraccount" time="17.234"/>
  <system-out/>
  <testcase classname="testlayer.YourAccount" name="Verifyaccount" time="20.391"/>
  <system-out/>
</testsuite> <!-- testlayer.YourAccount -->
