<?xml version="1.0" encoding="UTF-8"?>
<!-- Generated by org.testng.reporters.JUnitReportReporter -->
<testsuite hostname="DESKTOP-MIBOA5U" failures="0" tests="3" name="testlayer.LoginAndSecurity" time="99.881" errors="0" timestamp="2022-06-19T16:36:49 EDT" skipped="0">
  <testcase classname="testlayer.LoginAndSecurity" name="name" time="31.113"/>
  <system-out/>
  <testcase classname="testlayer.LoginAndSecurity" name="phone" time="37.140"/>
  <system-out/>
  <testcase classname="testlayer.LoginAndSecurity" name="delete" time="31.628"/>
  <system-out/>
</testsuite> <!-- testlayer.LoginAndSecurity -->
