<?xml version="1.0" encoding="UTF-8"?>
<!-- Generated by org.testng.reporters.JUnitReportReporter -->
<testsuite hostname="DESKTOP-MIBOA5U" failures="0" tests="2" name="testlayer.YourorderTest" time="63.770" errors="0" timestamp="2022-06-21T01:14:39 EDT" skipped="0">
  <testcase classname="testlayer.YourorderTest" name="Orderhsitory" time="31.352"/>
  <system-out/>
  <testcase classname="testlayer.YourorderTest" name="Orderoptions" time="32.418"/>
  <system-out/>
</testsuite> <!-- testlayer.YourorderTest -->
