<?xml version="1.0" encoding="UTF-8"?>
<!-- Generated by org.testng.reporters.JUnitReportReporter -->
<testsuite hostname="DESKTOP-MIBOA5U" failures="0" tests="8" name="testlayer.Login" time="104.434" errors="0" timestamp="2022-06-21T01:04:04 EDT" skipped="0">
  <testcase classname="testlayer.Login" name="Login" time="12.025"/>
  <system-out/>
  <testcase classname="testlayer.Login" name="Login" time="15.875"/>
  <system-out/>
  <testcase classname="testlayer.Login" name="Login" time="13.484"/>
  <system-out/>
  <testcase classname="testlayer.Login" name="Login" time="9.048"/>
  <system-out/>
  <testcase classname="testlayer.Login" name="Login" time="12.843"/>
  <system-out/>
  <testcase classname="testlayer.Login" name="Login" time="14.614"/>
  <system-out/>
  <testcase classname="testlayer.Login" name="Login" time="12.476"/>
  <system-out/>
  <testcase classname="testlayer.Login" name="Login" time="14.069"/>
  <system-out/>
</testsuite> <!-- testlayer.Login -->
