<?xml version="1.0" encoding="UTF-8"?>
<!-- Generated by org.testng.reporters.JUnitReportReporter -->
<testsuite hostname="DESKTOP-MIBOA5U" failures="0" tests="3" name="testlayer.YourPayment" time="58.422" errors="0" timestamp="2022-06-21T01:15:45 EDT" skipped="0">
  <testcase classname="testlayer.YourPayment" name="verifybutton" time="14.434"/>
  <system-out/>
  <testcase classname="testlayer.YourPayment" name="addcard" time="19.759"/>
  <system-out/>
  <testcase classname="testlayer.YourPayment" name="Default" time="24.229"/>
  <system-out/>
</testsuite> <!-- testlayer.YourPayment -->
